time="2023-04-16 00:02:18" level=warning msg="addRoomMQ publish error-->queueDeclare"
time="2023-04-16 00:02:52" level=debug msg="here send a msg"
time="2023-04-16 00:02:52" level=debug msg="json match error"
time="2023-04-16 00:03:44" level=debug msg="here send a msg"
time="2023-04-16 00:03:52" level=debug msg="here send a msg"
time="2023-04-16 00:13:45" level=debug msg="[user]653761994129674240--[obj]/u/chat?rid=38324--[act]GET------[timestramp]2023-45-13 00:16:04"
time="2023-04-16 09:44:34" level=debug msg="[user]653761994129674240--[obj]/u/chat?rid=38324--[act]GET------[timestramp]2023-34-44 09:16:04"
time="2023-04-16 09:44:56" level=debug msg="[user]653761994129674240--[obj]/u/chat?rid=38324--[act]GET------[timestramp]2023-56-44 09:16:04"
time="2023-04-16 09:45:45" level=debug msg="[user]653761994129674240--[obj]/u/chat?rid=38324--[act]GET------[timestramp]2023-45-45 09:16:04"
time="2023-04-16 09:50:52" level=warning msg="addRoomMQ publish error-->queueDeclare"
time="2023-04-16 09:51:42" level=debug msg="[user]653910109545566208--[obj]/u/chat?rid=38324--[act]GET------[timestramp]2023-42-51 09:16:04"
time="2023-04-16 09:56:55" level=debug msg="[user]653910109545566208--[obj]/u/chat--[act]POST------[timestramp]2023-55-56 09:16:04"
time="2023-04-16 09:58:13" level=debug msg="[user]653910109545566208--[obj]/u/room--[act]GET------[timestramp]2023-13-58 09:16:04"
time="2023-04-16 09:59:05" level=debug msg="[user]653910109545566208--[obj]/u/chat?rid=6539101095455662081681610215--[act]GET------[timestramp]2023-05-59 09:16:04"
time="2023-04-16 09:59:25" level=debug msg="[user]215c8ad7-167c-4687-b04b-c56344993873--[obj]/ws/msg--[act]GET------[timestramp]2023-25-59 09:16:04"
time="2023-04-16 09:59:56" level=debug msg="here send a msg"
time="2023-04-16 09:59:56" level=info msg="user is no exist in the room"
time="2023-04-16 10:00:46" level=debug msg="here send a msg"
time="2023-04-16 10:00:46" level=info msg="user is no exist in the room"
time="2023-04-16 10:01:03" level=debug msg="here send a msg"
time="2023-04-16 10:01:03" level=info msg="user is no exist in the room"
time="2023-04-16 10:01:36" level=debug msg="here send a msg"
time="2023-04-16 10:01:36" level=debug msg="json match error"
time="2023-04-16 10:02:47" level=debug msg="[user]9e6473f9-bc97-434d-b088-c82f91914f81--[obj]/ws/msg--[act]GET------[timestramp]2023-47-02 10:16:04"
time="2023-04-16 10:02:48" level=debug msg="here send a msg"
time="2023-04-16 10:02:48" level=info msg="user is no exist in the room"
time="2023-04-16 10:02:52" level=debug msg="here send a msg"
time="2023-04-16 10:02:52" level=debug msg="json match error"
time="2023-04-16 10:03:00" level=debug msg="[user]41d2b5e7-9cc1-4cb4-87fc-0a638973ffff--[obj]/ws/msg--[act]GET------[timestramp]2023-00-03 10:16:04"
time="2023-04-16 10:03:01" level=debug msg="here send a msg"
time="2023-04-16 10:03:01" level=debug msg="json match error"
time="2023-04-16 10:03:26" level=debug msg="[user]d826026b-1717-468c-a0fe-6729a61ef36a--[obj]/ws/msg--[act]GET------[timestramp]2023-26-03 10:16:04"
time="2023-04-16 10:03:27" level=debug msg="here send a msg"
time="2023-04-16 10:03:27" level=info msg="user is no exist in the room"
time="2023-04-16 10:04:05" level=debug msg="[user]653910109545566208--[obj]/ws/msg--[act]GET------[timestramp]2023-05-04 10:16:04"
time="2023-04-16 10:04:08" level=debug msg="here send a msg"
time="2023-04-16 10:04:26" level=debug msg="here send a msg"
time="2023-04-16 10:04:28" level=debug msg="here send a msg"
time="2023-04-16 10:07:41" level=debug msg="[user]653910109545566208--[obj]/u/chat?rid=6539101095455662081681610215--[act]GET------[timestramp]2023-41-07 10:16:04"
time="2023-04-16 10:07:45" level=debug msg="[user]653910109545566208--[obj]/u/chat?rid=6539101095455662081681610215--[act]GET------[timestramp]2023-45-07 10:16:04"
time="2023-04-16 10:08:26" level=debug msg="[user]653910109545566208--[obj]/u/chat?rid=6539101095455662081681610215--[act]GET------[timestramp]2023-26-08 10:16:04"
time="2023-04-16 10:08:48" level=debug msg="here send a msg"
time="2023-04-16 10:08:52" level=debug msg="[user]653910109545566208--[obj]/u/chat?rid=6539101095455662081681610215--[act]GET------[timestramp]2023-52-08 10:16:04"
time="2023-04-16 10:34:40" level=debug msg="[user]653910109545566208--[obj]/ws/msg--[act]GET------[timestramp]2023-40-34 10:16:04"
time="2023-04-16 10:34:46" level=debug msg="here send a msg"
time="2023-04-16 10:34:55" level=debug msg="[user]653910109545566208--[obj]/u/chat?rid=6539101095455662081681610215--[act]GET------[timestramp]2023-55-34 10:16:04"
time="2023-04-16 10:35:07" level=debug msg="[user]653910109545566208--[obj]/u/chat?rid=6539101095455662081681610215--[act]GET------[timestramp]2023-07-35 10:16:04"
time="2023-04-16 10:36:17" level=debug msg="[user]653910109545566208--[obj]/u/chat?rid=6539101095455662081681610215--[act]GET------[timestramp]2023-17-36 10:16:04"
